<?xml version="1.0" encoding="UTF-8" standalone="no"?>
<testsuite failures="1" name="cucumber.runtime.formatter.JUnitFormatter" skipped="0" tests="1" time="0.237405">
<testcase classname="Login in PPE application" name="PPE login" time="0.237405">
<failure message="java.lang.IllegalStateException: The driver executable does not exist: D:\chromedriver_91\chromedriver.exe&#13;&#10;&#9;at com.google.common.base.Preconditions.checkState(Preconditions.java:534)&#13;&#10;&#9;at org.openqa.selenium.remote.service.DriverService.checkExecutable(DriverService.java:136)&#13;&#10;&#9;at org.openqa.selenium.remote.service.DriverService.findExecutable(DriverService.java:131)&#13;&#10;&#9;at org.openqa.selenium.chrome.ChromeDriverService.access$000(ChromeDriverService.java:32)&#13;&#10;&#9;at org.openqa.selenium.chrome.ChromeDriverService$Builder.findDefaultExecutable(ChromeDriverService.java:137)&#13;&#10;&#9;at org.openqa.selenium.remote.service.DriverService$Builder.build(DriverService.java:329)&#13;&#10;&#9;at org.openqa.selenium.chrome.ChromeDriverService.createDefaultService(ChromeDriverService.java:88)&#13;&#10;&#9;at org.openqa.selenium.chrome.ChromeDriver.&lt;init&gt;(ChromeDriver.java:123)&#13;&#10;&#9;at StepsDef.LoginStepDefination.Agent_Is_Already_On_Login_Page(LoginStepDefination.java:52)&#13;&#10;&#9;at ✽.Given Agent Already On Login Page(D:/SeleniumWorkspace/Selenium-Workplace/BDDDataDriven/src/test/java/Feature/Login.feature:3)&#13;&#10;"><![CDATA[Given Agent Already On Login Page...........................................failed
When Tittle Of Login Page Is Login..........................................skipped
Then Agent Entering "ih.testga1" and "Password123"..........................skipped
Then Click Login Button.....................................................skipped
When URL Of LoggedIn Page...................................................skipped
Then Click GuidLines Link...................................................skipped

StackTrace:
java.lang.IllegalStateException: The driver executable does not exist: D:\chromedriver_91\chromedriver.exe
	at com.google.common.base.Preconditions.checkState(Preconditions.java:534)
	at org.openqa.selenium.remote.service.DriverService.checkExecutable(DriverService.java:136)
	at org.openqa.selenium.remote.service.DriverService.findExecutable(DriverService.java:131)
	at org.openqa.selenium.chrome.ChromeDriverService.access$000(ChromeDriverService.java:32)
	at org.openqa.selenium.chrome.ChromeDriverService$Builder.findDefaultExecutable(ChromeDriverService.java:137)
	at org.openqa.selenium.remote.service.DriverService$Builder.build(DriverService.java:329)
	at org.openqa.selenium.chrome.ChromeDriverService.createDefaultService(ChromeDriverService.java:88)
	at org.openqa.selenium.chrome.ChromeDriver.<init>(ChromeDriver.java:123)
	at StepsDef.LoginStepDefination.Agent_Is_Already_On_Login_Page(LoginStepDefination.java:52)
	at ✽.Given Agent Already On Login Page(D:/SeleniumWorkspace/Selenium-Workplace/BDDDataDriven/src/test/java/Feature/Login.feature:3)
]]></failure>
</testcase>
</testsuite>
